<?xml version="1.0" encoding="UTF-8"?>
<!-- Generated by org.testng.reporters.JUnitReportReporter -->
<testsuite hostname="DESKTOP-DS81VAM" failures="0" tests="4" name="com.APITest.HTTPRequest" time="3.870" errors="0" timestamp="2025-06-09T23:54:37 IST" skipped="0">
  <testcase classname="com.APITest.HTTPRequest" name="getUser" time="2.184"/>
  <testcase classname="com.APITest.HTTPRequest" name="createUser" time="0.801"/>
  <testcase classname="com.APITest.HTTPRequest" name="updateUser" time="0.508"/>
  <testcase classname="com.APITest.HTTPRequest" name="deleteUser" time="0.377"/>
</testsuite> <!-- com.APITest.HTTPRequest -->
